32 error Error: Command failed: git add -- packages/local-client/package.json packages/local-api/package.json packages/local-api/package-lock.json packages/cli/package.json packages/cli/package-lock.json lerna.json
32 error warning: LF will be replaced by CRLF in lerna.json.
32 error The file will have its original line endings in your working directory
32 error warning: LF will be replaced by CRLF in packages/cli/package-lock.json.
32 error The file will have its original line endings in your working directory
32 error warning: LF will be replaced by CRLF in packages/cli/package.json.
32 error The file will have its original line endings in your working directory
32 error warning: LF will be replaced by CRLF in packages/local-api/package.json.
32 error The file will have its original line endings in your working directory
32 error warning: LF will be replaced by CRLF in packages/local-client/package.json.
32 error The file will have its original line endings in your working directory
32 error The following paths are ignored by one of your .gitignore files:
32 error packages/local-api/package-lock.json
32 error hint: Use -f if you really want to add them.
32 error hint: Turn this message off by running
32 error hint: "git config advice.addIgnoredFile false"
32 error
32 error     at makeError (C:\Users\DIVYA JAYACHANDRAN\AppData\Roaming\npm\node_modules\lerna\node_modules\execa\index.js:174:9)
32 error     at C:\Users\DIVYA JAYACHANDRAN\AppData\Roaming\npm\node_modules\lerna\node_modules\execa\index.js:278:16
32 error     at processTicksAndRejections (node:internal/process/task_queues:96:5)
